<?xml version="1.0" encoding="UTF-8"?>
<!-- Generated by org.testng.reporters.JUnitReportReporter -->
<testsuite hostname="LAPTOP-CC3I0DJF" failures="0" tests="3" name="executeClass.HomePageTestClass" time="35.333" errors="0" timestamp="2023-02-24T14:17:38 IST" skipped="0">
  <testcase classname="executeClass.HomePageTestClass" name="verifyTheProductTabIsDisplyedOrNot" time="14.626"/>
  <system-out/>
  <testcase classname="executeClass.HomePageTestClass" name="verifyTheD4StoreIsDisplyedOrNot" time="9.317"/>
  <system-out/>
  <testcase classname="executeClass.HomePageTestClass" name="verifyTheLogOutButtonIsWorkingFineOrNot" time="11.390"/>
  <system-out/>
</testsuite> <!-- executeClass.HomePageTestClass -->
