<?xml version="1.0" encoding="UTF-8"?>
<!-- Generated by org.testng.reporters.JUnitReportReporter -->
<testsuite hostname="LAPTOP-CC3I0DJF" failures="0" tests="6" name="executeClass.ProductPageTestClass" time="79.238" errors="0" timestamp="2023-02-28T23:52:40 IST" skipped="0">
  <testcase classname="executeClass.ProductPageTestClass" name="verifyTheProductPageIsOpenedWhileClickingOnProducTab" time="7.871"/>
  <system-out/>
  <testcase classname="executeClass.ProductPageTestClass" name="verifyToAddNewProduct" time="15.271"/>
  <system-out/>
  <testcase classname="executeClass.ProductPageTestClass" name="verifySearchFuctionalityByUsingProductName" time="12.044"/>
  <system-out/>
  <testcase classname="executeClass.ProductPageTestClass" name="VerifySearchFunctionalityByProductCode" time="11.652"/>
  <system-out/>
  <testcase classname="executeClass.ProductPageTestClass" name="verifyEditFunctionalityOfTheProduct" time="17.081"/>
  <system-out/>
  <testcase classname="executeClass.ProductPageTestClass" name="verifyDeleteFunctionalityOfTheProduct" time="15.319"/>
  <system-out/>
</testsuite> <!-- executeClass.ProductPageTestClass -->
