<?xml version="1.0" encoding="UTF-8"?>
<!-- Generated by org.testng.reporters.JUnitReportReporter -->
<testsuite hostname="LAPTOP-CC3I0DJF" failures="0" tests="6" name="executeClass.ProductPageTestClass" time="84.433" errors="0" timestamp="2023-02-15T12:12:48 IST" skipped="0">
  <testcase classname="executeClass.ProductPageTestClass" name="verifyTheProductPageIsOpenedWhileClickingOnProducTab" time="12.526"/>
  <system-out/>
  <testcase classname="executeClass.ProductPageTestClass" name="verifyToAddNewProduct" time="16.370"/>
  <system-out/>
  <testcase classname="executeClass.ProductPageTestClass" name="verifySearchFuctionalityByUsingProductName" time="12.742"/>
  <system-out/>
  <testcase classname="executeClass.ProductPageTestClass" name="VerifySearchFunctionalityByProductCode" time="10.068"/>
  <system-out/>
  <testcase classname="executeClass.ProductPageTestClass" name="verifyEditFunctionalityOfTheProduct" time="16.717"/>
  <system-out/>
  <testcase classname="executeClass.ProductPageTestClass" name="verifyDeleteFunctionalityOfTheProduct" time="16.010"/>
  <system-out/>
</testsuite> <!-- executeClass.ProductPageTestClass -->
