<?xml version="1.0" encoding="UTF-8"?>
<!-- Generated by org.testng.reporters.JUnitReportReporter -->
<testsuite hostname="LAPTOP-CC3I0DJF" failures="0" tests="2" name="executeClass.ExpensePageTestClass" time="14.501" errors="0" timestamp="2023-02-15T17:54:11 IST" skipped="0">
  <testcase classname="executeClass.ExpensePageTestClass" name="verifyExpensePageIsVisibleByClickingOnExpenseTab" time="7.098"/>
  <system-out/>
  <testcase classname="executeClass.ExpensePageTestClass" name="verifyAddExpenseButtonIsVisibleOrNot" time="7.403"/>
  <system-out/>
</testsuite> <!-- executeClass.ExpensePageTestClass -->
