<?xml version="1.0" encoding="UTF-8"?>
<!-- Generated by org.testng.reporters.JUnitReportReporter -->
<testsuite hostname="LAPTOP-CC3I0DJF" failures="0" tests="3" name="executeClass.LoginPageTestClass" time="43.830" errors="0" timestamp="2023-02-13T16:55:38 IST" skipped="0">
  <testcase classname="executeClass.LoginPageTestClass" name="verifyUnSuccessfullLogin" time="10.426"/>
  <system-out/>
  <testcase classname="executeClass.LoginPageTestClass" name="verifyUnSuccessfullLogin" time="21.451"/>
  <system-out/>
  <testcase classname="executeClass.LoginPageTestClass" name="verifyUnSuccessfullLogin" time="11.953"/>
  <system-out/>
</testsuite> <!-- executeClass.LoginPageTestClass -->
