<?xml version="1.0" encoding="UTF-8"?>
<!-- Generated by org.testng.reporters.JUnitReportReporter -->
<testsuite hostname="LAPTOP-CC3I0DJF" failures="0" tests="6" name="executeClass.ProductPageTestClass" time="66.826" errors="0" timestamp="2023-02-18T12:36:23 IST" skipped="0">
  <testcase classname="executeClass.ProductPageTestClass" name="verifyTheProductPageIsOpenedWhileClickingOnProducTab" time="9.438"/>
  <system-out/>
  <testcase classname="executeClass.ProductPageTestClass" name="verifyToAddNewProduct" time="13.615"/>
  <system-out/>
  <testcase classname="executeClass.ProductPageTestClass" name="verifySearchFuctionalityByUsingProductName" time="7.722"/>
  <system-out/>
  <testcase classname="executeClass.ProductPageTestClass" name="VerifySearchFunctionalityByProductCode" time="8.538"/>
  <system-out/>
  <testcase classname="executeClass.ProductPageTestClass" name="verifyEditFunctionalityOfTheProduct" time="15.240"/>
  <system-out/>
  <testcase classname="executeClass.ProductPageTestClass" name="verifyDeleteFunctionalityOfTheProduct" time="12.273"/>
  <system-out/>
</testsuite> <!-- executeClass.ProductPageTestClass -->
