<?xml version="1.0" encoding="UTF-8"?>
<!-- Generated by org.testng.reporters.JUnitReportReporter -->
<testsuite hostname="LAPTOP-CC3I0DJF" failures="0" tests="4" name="executeClass.StorePageTestClass" time="56.806" errors="0" timestamp="2023-02-25T10:58:02 IST" skipped="0">
  <testcase classname="executeClass.StorePageTestClass" name="VerifyTheStorePageIsVisibleByClickingOnStoreTab" time="11.305"/>
  <system-out/>
  <testcase classname="executeClass.StorePageTestClass" name="verifyToCreateAnewStore" time="15.227"/>
  <system-out/>
  <testcase classname="executeClass.StorePageTestClass" name="verifyStoreNameSearchByUsingStoreName" time="16.540"/>
  <system-out/>
  <testcase classname="executeClass.StorePageTestClass" name="verifyAddStoreButtonIsVisibleOrNot" time="13.734"/>
  <system-out/>
</testsuite> <!-- executeClass.StorePageTestClass -->
