<?xml version="1.0" encoding="UTF-8"?>
<!-- Generated by org.testng.reporters.JUnitReportReporter -->
<testsuite hostname="LAPTOP-CC3I0DJF" failures="0" tests="6" name="executeClass.LoginPageTestClass" time="37.000" errors="0" timestamp="2023-02-27T00:58:30 IST" skipped="0">
  <testcase classname="executeClass.LoginPageTestClass" name="verifyTheLoginPageIsLoadedWhileHittingTheUrl" time="5.463"/>
  <system-out/>
  <testcase classname="executeClass.LoginPageTestClass" name="verifyTheLogoIsDisplayedOrNot" time="3.939"/>
  <system-out/>
  <testcase classname="executeClass.LoginPageTestClass" name="verifyTheSuccessfullLogin" time="7.488"/>
  <system-out/>
  <testcase classname="executeClass.LoginPageTestClass" name="verifyUnSuccessfullLogin" time="6.240"/>
  <system-out/>
  <testcase classname="executeClass.LoginPageTestClass" name="verifyUnSuccessfullLogin" time="8.050"/>
  <system-out/>
  <testcase classname="executeClass.LoginPageTestClass" name="verifyUnSuccessfullLogin" time="5.820"/>
  <system-out/>
</testsuite> <!-- executeClass.LoginPageTestClass -->
