<?xml version="1.0" encoding="UTF-8"?>
<!-- Generated by org.testng.reporters.JUnitReportReporter -->
<testsuite hostname="LAPTOP-CC3I0DJF" failures="0" tests="3" name="executeClass.HomePageTestClass" time="25.091" errors="0" timestamp="2023-02-18T12:36:23 IST" skipped="0">
  <testcase classname="executeClass.HomePageTestClass" name="verifyTheProductTabIsDisplyedOrNot" time="6.271"/>
  <system-out/>
  <testcase classname="executeClass.HomePageTestClass" name="verifyTheD4StoreIsDisplyedOrNot" time="5.658"/>
  <system-out/>
  <testcase classname="executeClass.HomePageTestClass" name="verifyTheLogOutButtonIsWorkingFineOrNot" time="13.162"/>
  <system-out/>
</testsuite> <!-- executeClass.HomePageTestClass -->
