<?xml version="1.0" encoding="UTF-8"?>
<!-- Generated by org.testng.reporters.JUnitReportReporter -->
<testsuite hostname="LAPTOP-CC3I0DJF" failures="0" tests="6" name="executeClass.LoginPageTestClass" time="44.943" errors="0" timestamp="2023-02-18T12:36:23 IST" skipped="0">
  <testcase classname="executeClass.LoginPageTestClass" name="verifyTheLoginPageIsLoadedWhileHittingTheUrl" time="8.358"/>
  <system-out/>
  <testcase classname="executeClass.LoginPageTestClass" name="verifyTheLogoIsDisplayedOrNot" time="3.460"/>
  <system-out/>
  <testcase classname="executeClass.LoginPageTestClass" name="verifyTheSuccessfullLogin" time="5.779"/>
  <system-out/>
  <testcase classname="executeClass.LoginPageTestClass" name="verifyUnSuccessfullLogin" time="8.905"/>
  <system-out/>
  <testcase classname="executeClass.LoginPageTestClass" name="verifyUnSuccessfullLogin" time="8.702"/>
  <system-out/>
  <testcase classname="executeClass.LoginPageTestClass" name="verifyUnSuccessfullLogin" time="9.739"/>
  <system-out/>
</testsuite> <!-- executeClass.LoginPageTestClass -->
