<?xml version="1.0" encoding="UTF-8"?>
<!-- Generated by org.testng.reporters.JUnitReportReporter -->
<testsuite hostname="LAPTOP-CC3I0DJF" failures="0" tests="1" name="executeClass.SalesPageTestClass" time="23.638" errors="0" timestamp="2023-02-15T17:25:09 IST" skipped="0">
  <testcase classname="executeClass.SalesPageTestClass" name="verifyTheSalesPageIsVisibleByClickingOnSalesTab" time="23.638"/>
  <system-out/>
</testsuite> <!-- executeClass.SalesPageTestClass -->
