<?xml version="1.0" encoding="UTF-8"?>
<!-- Generated by org.testng.reporters.JUnitReportReporter -->
<testsuite hostname="LAPTOP-CC3I0DJF" failures="0" tests="5" name="executeClass.WaitersPageTestClass" time="51.445" errors="0" timestamp="2023-02-15T22:59:02 IST" skipped="0">
  <testcase classname="executeClass.WaitersPageTestClass" name="verifyTheWaitersPageIsVisibleByClickingOnWaiterUnderPeopleTab" time="9.905"/>
  <system-out/>
  <testcase classname="executeClass.WaitersPageTestClass" name="verifyAddButtonTabIsVisibleOrNot" time="10.692"/>
  <system-out/>
  <testcase classname="executeClass.WaitersPageTestClass" name="verifyAddAnewWaiter" time="12.550"/>
  <system-out/>
  <testcase classname="executeClass.WaitersPageTestClass" name="verifyToSearchWaiterByUsingName" time="9.353"/>
  <system-out/>
  <testcase classname="executeClass.WaitersPageTestClass" name="verifyToSearchWaiterByUsingMobileNumber" time="8.945"/>
  <system-out/>
</testsuite> <!-- executeClass.WaitersPageTestClass -->
