<?xml version="1.0" encoding="UTF-8"?>
<!-- Generated by org.testng.reporters.JUnitReportReporter -->
<testsuite hostname="LAPTOP-CC3I0DJF" failures="0" tests="4" name="executeClass.StorePageTestClass" time="32.341" errors="0" timestamp="2023-02-15T17:16:08 IST" skipped="0">
  <testcase classname="executeClass.StorePageTestClass" name="VerifyTheStorePageIsVisibleByClickingOnStoreTab" time="7.656"/>
  <system-out/>
  <testcase classname="executeClass.StorePageTestClass" name="verifyToCreateAnewStore" time="10.943"/>
  <system-out/>
  <testcase classname="executeClass.StorePageTestClass" name="verifyStoreNameSearchByUsingStoreName" time="6.666"/>
  <system-out/>
  <testcase classname="executeClass.StorePageTestClass" name="verifyAddStoreButtonIsVisibleOrNot" time="7.076"/>
  <system-out/>
</testsuite> <!-- executeClass.StorePageTestClass -->
