<?xml version="1.0" encoding="UTF-8"?>
<!-- Generated by org.testng.reporters.JUnitReportReporter -->
<testsuite hostname="LAPTOP-CC3I0DJF" failures="0" tests="3" name="executeClass.HomePageTestClass" time="27.649" errors="0" timestamp="2023-02-15T01:05:44 IST" skipped="0">
  <testcase classname="executeClass.HomePageTestClass" name="verifyTheProductTabIsDisplyedOrNot" time="12.122"/>
  <system-out/>
  <testcase classname="executeClass.HomePageTestClass" name="verifyTheD4StoreIsDisplyedOrNot" time="7.125"/>
  <system-out/>
  <testcase classname="executeClass.HomePageTestClass" name="verifyTheLogOutButtonIsWorkingFineOrNot" time="8.402"/>
  <system-out/>
</testsuite> <!-- executeClass.HomePageTestClass -->
