<?xml version="1.0" encoding="UTF-8"?>
<!-- Generated by org.testng.reporters.JUnitReportReporter -->
<testsuite hostname="LAPTOP-CC3I0DJF" failures="0" tests="5" name="executeClass.CustomersPageTestClass" time="52.321" errors="0" timestamp="2023-02-16T00:25:14 IST" skipped="0">
  <testcase classname="executeClass.CustomersPageTestClass" name="verifyTheCustomersPageIsVisibleByClickingOnCustomersUnderPeopleTab" time="11.602"/>
  <system-out/>
  <testcase classname="executeClass.CustomersPageTestClass" name="verifyAddCustomerButtonIsVisibleOrNot" time="10.514"/>
  <system-out/>
  <testcase classname="executeClass.CustomersPageTestClass" name="verifyAddNewCustomer" time="12.798"/>
  <system-out/>
  <testcase classname="executeClass.CustomersPageTestClass" name="verifyToSearchCustomerByUsingName" time="8.847"/>
  <system-out/>
  <testcase classname="executeClass.CustomersPageTestClass" name="verifyToSearchCustomerByUsingMobileNumber" time="8.560"/>
  <system-out/>
</testsuite> <!-- executeClass.CustomersPageTestClass -->
